app/build/intermediates/manifest_merge_blame_file/debug/manifest-merger-blame-debug-report.txt
1<?xml version="1.0" encoding="utf-8"?>
2<manifest xmlns:android="http://schemas.android.com/apk/res/android"
3    package="com.duke.orca.android.kotlin.lockscreencalendar"
4    android:versionCode="1"
5    android:versionName="1.0.0" >
6
7    <uses-sdk
8        android:minSdkVersion="23"
8-->src/main/AndroidManifest.xml
9        android:targetSdkVersion="30" />
9-->src/main/AndroidManifest.xml
10
11    <uses-permission android:name="android.permission.FOREGROUND_SERVICE" />
11-->src/main/AndroidManifest.xml:6:5-77
11-->src/main/AndroidManifest.xml:6:22-74
12    <uses-permission android:name="android.permission.READ_CALENDAR" />
12-->src/main/AndroidManifest.xml:7:5-72
12-->src/main/AndroidManifest.xml:7:22-69
13    <uses-permission android:name="android.permission.READ_EXTERNAL_STORAGE" />
13-->src/main/AndroidManifest.xml:8:5-80
13-->src/main/AndroidManifest.xml:8:22-77
14    <uses-permission android:name="android.permission.RECEIVE_BOOT_COMPLETED" />
14-->src/main/AndroidManifest.xml:9:5-81
14-->src/main/AndroidManifest.xml:9:22-78
15    <uses-permission android:name="android.permission.SYSTEM_ALERT_WINDOW" />
15-->src/main/AndroidManifest.xml:10:5-77
15-->src/main/AndroidManifest.xml:10:22-75
16    <uses-permission android:name="android.permission.WAKE_LOCK" />
16-->src/main/AndroidManifest.xml:11:5-67
16-->src/main/AndroidManifest.xml:11:22-65
17    <uses-permission android:name="android.permission.WRITE_CALENDAR" />
17-->src/main/AndroidManifest.xml:12:5-73
17-->src/main/AndroidManifest.xml:12:22-70
18    <uses-permission android:name="android.permission.WRITE_EXTERNAL_STORAGE" />
18-->[com.squareup.leakcanary:leakcanary-android-core:2.7] AndroidManifest.xml:24:5-81
18-->[com.squareup.leakcanary:leakcanary-android-core:2.7] AndroidManifest.xml:24:22-78
19
20    <application
20-->src/main/AndroidManifest.xml:14:5-31:19
21        android:allowBackup="true"
21-->src/main/AndroidManifest.xml:15:9-35
22        android:appComponentFactory="androidx.core.app.CoreComponentFactory"
22-->[androidx.core:core:1.6.0] AndroidManifest.xml:24:18-86
23        android:debuggable="true"
24        android:extractNativeLibs="false"
25        android:icon="@mipmap/ic_launcher"
25-->src/main/AndroidManifest.xml:16:9-43
26        android:label="@string/app_name"
26-->src/main/AndroidManifest.xml:17:9-41
27        android:roundIcon="@mipmap/ic_launcher_round"
27-->src/main/AndroidManifest.xml:18:9-54
28        android:supportsRtl="true"
28-->src/main/AndroidManifest.xml:19:9-35
29        android:testOnly="true"
30        android:theme="@style/Theme.LockScreenCalendar" >
30-->src/main/AndroidManifest.xml:20:9-56
31        <activity
31-->src/main/AndroidManifest.xml:22:9-30:20
32            android:name="com.duke.orca.android.kotlin.lockscreencalendar.main.view.MainActivity"
32-->src/main/AndroidManifest.xml:23:13-51
33            android:exported="true" >
33-->src/main/AndroidManifest.xml:24:13-36
34            <intent-filter>
34-->src/main/AndroidManifest.xml:25:13-29:29
35                <action android:name="android.intent.action.MAIN" />
35-->src/main/AndroidManifest.xml:26:17-69
35-->src/main/AndroidManifest.xml:26:25-66
36
37                <category android:name="android.intent.category.LAUNCHER" />
37-->src/main/AndroidManifest.xml:28:17-77
37-->src/main/AndroidManifest.xml:28:27-74
38            </intent-filter>
39        </activity>
40
41        <service
41-->[com.squareup.leakcanary:leakcanary-android:2.7] AndroidManifest.xml:23:9-25:40
42            android:name="leakcanary.internal.HeapAnalyzerService"
42-->[com.squareup.leakcanary:leakcanary-android:2.7] AndroidManifest.xml:24:13-67
43            android:exported="false" />
43-->[com.squareup.leakcanary:leakcanary-android:2.7] AndroidManifest.xml:25:13-37
44
45        <activity
45-->[com.karumi:dexter:6.2.2] AndroidManifest.xml:27:9-29:72
46            android:name="com.karumi.dexter.DexterActivity"
46-->[com.karumi:dexter:6.2.2] AndroidManifest.xml:28:13-60
47            android:theme="@style/Dexter.Internal.Theme.Transparent" />
47-->[com.karumi:dexter:6.2.2] AndroidManifest.xml:29:13-69
48
49        <provider
49-->[com.squareup.leakcanary:leakcanary-android-core:2.7] AndroidManifest.xml:29:9-37:20
50            android:name="leakcanary.internal.LeakCanaryFileProvider"
50-->[com.squareup.leakcanary:leakcanary-android-core:2.7] AndroidManifest.xml:30:13-70
51            android:authorities="com.squareup.leakcanary.fileprovider.com.duke.orca.android.kotlin.lockscreencalendar"
51-->[com.squareup.leakcanary:leakcanary-android-core:2.7] AndroidManifest.xml:31:13-88
52            android:exported="false"
52-->[com.squareup.leakcanary:leakcanary-android-core:2.7] AndroidManifest.xml:32:13-37
53            android:grantUriPermissions="true" >
53-->[com.squareup.leakcanary:leakcanary-android-core:2.7] AndroidManifest.xml:33:13-47
54            <meta-data
54-->[com.squareup.leakcanary:leakcanary-android-core:2.7] AndroidManifest.xml:34:13-36:66
55                android:name="android.support.FILE_PROVIDER_PATHS"
55-->[com.squareup.leakcanary:leakcanary-android-core:2.7] AndroidManifest.xml:35:17-67
56                android:resource="@xml/leak_canary_file_paths" />
56-->[com.squareup.leakcanary:leakcanary-android-core:2.7] AndroidManifest.xml:36:17-63
57        </provider>
58
59        <activity
59-->[com.squareup.leakcanary:leakcanary-android-core:2.7] AndroidManifest.xml:39:9-44:66
60            android:name="leakcanary.internal.activity.LeakActivity"
60-->[com.squareup.leakcanary:leakcanary-android-core:2.7] AndroidManifest.xml:40:13-69
61            android:icon="@mipmap/leak_canary_icon"
61-->[com.squareup.leakcanary:leakcanary-android-core:2.7] AndroidManifest.xml:41:13-52
62            android:label="@string/leak_canary_display_activity_label"
62-->[com.squareup.leakcanary:leakcanary-android-core:2.7] AndroidManifest.xml:42:13-71
63            android:taskAffinity="com.squareup.leakcanary.com.duke.orca.android.kotlin.lockscreencalendar"
63-->[com.squareup.leakcanary:leakcanary-android-core:2.7] AndroidManifest.xml:43:13-76
64            android:theme="@style/leak_canary_LeakCanary.Base" />
64-->[com.squareup.leakcanary:leakcanary-android-core:2.7] AndroidManifest.xml:44:13-63
65
66        <activity-alias
66-->[com.squareup.leakcanary:leakcanary-android-core:2.7] AndroidManifest.xml:46:9-63:26
67            android:name="leakcanary.internal.activity.LeakLauncherActivity"
67-->[com.squareup.leakcanary:leakcanary-android-core:2.7] AndroidManifest.xml:47:13-77
68            android:banner="@drawable/leak_canary_tv_icon"
68-->[com.squareup.leakcanary:leakcanary-android-core:2.7] AndroidManifest.xml:48:13-59
69            android:enabled="@bool/leak_canary_add_launcher_icon"
69-->[com.squareup.leakcanary:leakcanary-android-core:2.7] AndroidManifest.xml:49:13-66
70            android:exported="true"
70-->[com.squareup.leakcanary:leakcanary-android-core:2.7] AndroidManifest.xml:50:13-36
71            android:icon="@mipmap/leak_canary_icon"
71-->[com.squareup.leakcanary:leakcanary-android-core:2.7] AndroidManifest.xml:51:13-52
72            android:label="@string/leak_canary_display_activity_label"
72-->[com.squareup.leakcanary:leakcanary-android-core:2.7] AndroidManifest.xml:52:13-71
73            android:targetActivity="leakcanary.internal.activity.LeakActivity"
73-->[com.squareup.leakcanary:leakcanary-android-core:2.7] AndroidManifest.xml:53:13-79
74            android:taskAffinity="com.squareup.leakcanary.com.duke.orca.android.kotlin.lockscreencalendar"
74-->[com.squareup.leakcanary:leakcanary-android-core:2.7] AndroidManifest.xml:54:13-76
75            android:theme="@style/leak_canary_LeakCanary.Base" >
75-->[com.squareup.leakcanary:leakcanary-android-core:2.7] AndroidManifest.xml:55:13-63
76            <intent-filter>
76-->[com.squareup.leakcanary:leakcanary-android-core:2.7] AndroidManifest.xml:56:13-62:29
77                <action android:name="android.intent.action.MAIN" />
77-->src/main/AndroidManifest.xml:26:17-69
77-->src/main/AndroidManifest.xml:26:25-66
78
79                <category android:name="android.intent.category.LAUNCHER" />
79-->src/main/AndroidManifest.xml:28:17-77
79-->src/main/AndroidManifest.xml:28:27-74
80                <!-- Android TV launcher intent -->
81                <category android:name="android.intent.category.LEANBACK_LAUNCHER" />
81-->[com.squareup.leakcanary:leakcanary-android-core:2.7] AndroidManifest.xml:61:17-86
81-->[com.squareup.leakcanary:leakcanary-android-core:2.7] AndroidManifest.xml:61:27-83
82            </intent-filter>
83        </activity-alias>
84
85        <activity
85-->[com.squareup.leakcanary:leakcanary-android-core:2.7] AndroidManifest.xml:65:9-71:68
86            android:name="leakcanary.internal.RequestStoragePermissionActivity"
86-->[com.squareup.leakcanary:leakcanary-android-core:2.7] AndroidManifest.xml:66:13-80
87            android:excludeFromRecents="true"
87-->[com.squareup.leakcanary:leakcanary-android-core:2.7] AndroidManifest.xml:67:13-46
88            android:icon="@mipmap/leak_canary_icon"
88-->[com.squareup.leakcanary:leakcanary-android-core:2.7] AndroidManifest.xml:68:13-52
89            android:label="@string/leak_canary_storage_permission_activity_label"
89-->[com.squareup.leakcanary:leakcanary-android-core:2.7] AndroidManifest.xml:69:13-82
90            android:taskAffinity="com.squareup.leakcanary.com.duke.orca.android.kotlin.lockscreencalendar"
90-->[com.squareup.leakcanary:leakcanary-android-core:2.7] AndroidManifest.xml:70:13-76
91            android:theme="@style/leak_canary_Theme.Transparent" />
91-->[com.squareup.leakcanary:leakcanary-android-core:2.7] AndroidManifest.xml:71:13-65
92
93        <receiver android:name="leakcanary.internal.NotificationReceiver" />
93-->[com.squareup.leakcanary:leakcanary-android-core:2.7] AndroidManifest.xml:73:9-77
93-->[com.squareup.leakcanary:leakcanary-android-core:2.7] AndroidManifest.xml:73:19-74
94
95        <provider
95-->[com.squareup.leakcanary:leakcanary-object-watcher-android:2.7] AndroidManifest.xml:8:9-12:40
96            android:name="leakcanary.internal.AppWatcherInstaller$MainProcess"
96-->[com.squareup.leakcanary:leakcanary-object-watcher-android:2.7] AndroidManifest.xml:9:13-79
97            android:authorities="com.duke.orca.android.kotlin.lockscreencalendar.leakcanary-installer"
97-->[com.squareup.leakcanary:leakcanary-object-watcher-android:2.7] AndroidManifest.xml:10:13-72
98            android:enabled="@bool/leak_canary_watcher_auto_install"
98-->[com.squareup.leakcanary:leakcanary-object-watcher-android:2.7] AndroidManifest.xml:11:13-69
99            android:exported="false" />
99-->[com.squareup.leakcanary:leakcanary-object-watcher-android:2.7] AndroidManifest.xml:12:13-37
100        <provider
100-->[com.squareup.leakcanary:plumber-android:2.7] AndroidManifest.xml:8:9-12:40
101            android:name="leakcanary.internal.PlumberInstaller"
101-->[com.squareup.leakcanary:plumber-android:2.7] AndroidManifest.xml:9:13-64
102            android:authorities="com.duke.orca.android.kotlin.lockscreencalendar.plumber-installer"
102-->[com.squareup.leakcanary:plumber-android:2.7] AndroidManifest.xml:10:13-69
103            android:enabled="@bool/leak_canary_plumber_auto_install"
103-->[com.squareup.leakcanary:plumber-android:2.7] AndroidManifest.xml:11:13-69
104            android:exported="false" /> <!-- The activities will be merged into the manifest of the hosting app. -->
104-->[com.squareup.leakcanary:plumber-android:2.7] AndroidManifest.xml:12:13-37
105        <activity
105-->[com.google.android.play:core:1.9.1] AndroidManifest.xml:12:5-271
106            android:name="com.google.android.play.core.missingsplits.PlayCoreMissingSplitsActivity"
106-->[com.google.android.play:core:1.9.1] AndroidManifest.xml:12:15-102
107            android:enabled="false"
107-->[com.google.android.play:core:1.9.1] AndroidManifest.xml:12:103-126
108            android:exported="false"
108-->[com.google.android.play:core:1.9.1] AndroidManifest.xml:12:127-151
109            android:launchMode="singleInstance"
109-->[com.google.android.play:core:1.9.1] AndroidManifest.xml:12:204-239
110            android:process=":playcore_missing_splits_activity"
110-->[com.google.android.play:core:1.9.1] AndroidManifest.xml:12:152-203
111            android:stateNotNeeded="true" />
111-->[com.google.android.play:core:1.9.1] AndroidManifest.xml:12:240-269
112        <activity
112-->[com.google.android.play:core:1.9.1] AndroidManifest.xml:13:5-226
113            android:name="com.google.android.play.core.common.PlayCoreDialogWrapperActivity"
113-->[com.google.android.play:core:1.9.1] AndroidManifest.xml:13:15-95
114            android:enabled="false"
114-->[com.google.android.play:core:1.9.1] AndroidManifest.xml:13:96-119
115            android:exported="false"
115-->[com.google.android.play:core:1.9.1] AndroidManifest.xml:13:120-144
116            android:stateNotNeeded="true"
116-->[com.google.android.play:core:1.9.1] AndroidManifest.xml:13:145-174
117            android:theme="@style/Theme.PlayCore.Transparent" /> <!-- The services will be merged into the manifest of the hosting app. -->
117-->[com.google.android.play:core:1.9.1] AndroidManifest.xml:13:175-224
118        <service
118-->[com.google.android.play:core:1.9.1] AndroidManifest.xml:16:5-18:15
119            android:name="com.google.android.play.core.assetpacks.AssetPackExtractionService"
119-->[com.google.android.play:core:1.9.1] AndroidManifest.xml:16:14-95
120            android:enabled="false"
120-->[com.google.android.play:core:1.9.1] AndroidManifest.xml:16:96-119
121            android:exported="true" >
121-->[com.google.android.play:core:1.9.1] AndroidManifest.xml:16:120-143
122            <meta-data
122-->[com.google.android.play:core:1.9.1] AndroidManifest.xml:17:7-108
123                android:name="com.google.android.play.core.assetpacks.versionCode"
123-->[com.google.android.play:core:1.9.1] AndroidManifest.xml:17:18-84
124                android:value="10901" />
124-->[com.google.android.play:core:1.9.1] AndroidManifest.xml:17:85-106
125        </service>
126        <service
126-->[com.google.android.play:core:1.9.1] AndroidManifest.xml:19:5-147
127            android:name="com.google.android.play.core.assetpacks.ExtractionForegroundService"
127-->[com.google.android.play:core:1.9.1] AndroidManifest.xml:19:14-96
128            android:enabled="false"
128-->[com.google.android.play:core:1.9.1] AndroidManifest.xml:19:97-120
129            android:exported="false" />
129-->[com.google.android.play:core:1.9.1] AndroidManifest.xml:19:121-145
130    </application>
131
132</manifest>